{
  "stats": {
    "suites": 2,
    "tests": 2,
    "passes": 2,
    "pending": 0,
    "failures": 0,
    "start": "2024-08-07T17:37:06.985Z",
    "end": "2024-08-07T17:37:54.355Z",
    "duration": 47370,
    "testsRegistered": 2,
    "passPercent": 100,
    "pendingPercent": 0,
    "other": 0,
    "hasOther": false,
    "skipped": 0,
    "hasSkipped": false
  },
  "results": [
    {
      "uuid": "502c0827-983f-4cac-b979-e9e46b7e0363",
      "title": "",
      "fullFile": "tests/cypress/specs/sample.cy.js",
      "file": "tests/cypress/specs/sample.cy.js",
      "beforeHooks": [],
      "afterHooks": [],
      "tests": [],
      "suites": [
        {
          "uuid": "e129d730-a539-4381-bed5-da18faf63d66",
          "title": "All Promotions FA",
          "fullFile": "",
          "file": "",
          "beforeHooks": [],
          "afterHooks": [],
          "tests": [],
          "suites": [
            {
              "uuid": "0d100b29-de73-42b3-80fd-81389c777259",
              "title": "Promotions Page",
              "fullFile": "",
              "file": "",
              "beforeHooks": [],
              "afterHooks": [],
              "tests": [
                {
                  "title": "should not log any errors",
                  "fullTitle": "All Promotions FA Promotions Page should not log any errors",
                  "timedOut": null,
                  "duration": 16611,
                  "state": "passed",
                  "speed": "slow",
                  "pass": true,
                  "fail": false,
                  "pending": false,
                  "context": "\"videos/sample.cy.js.mp4\"",
                  "code": "cy.visit('https://www.audi.ca/ca/web/en/promotions.html', {\n  onBeforeLoad(win) {\n    cy.stub(win.console, 'error').as('consoleError');\n  },\n});\ncy.get('@consoleError').should('not.be.called');",
                  "err": {},
                  "uuid": "adba12e7-ce5e-4d74-b80d-a44527e4f274",
                  "parentUUID": "0d100b29-de73-42b3-80fd-81389c777259",
                  "isHook": false,
                  "skipped": false
                },
                {
                  "title": "should render vehicles with offers on the page",
                  "fullTitle": "All Promotions FA Promotions Page should render vehicles with offers on the page",
                  "timedOut": null,
                  "duration": 23818,
                  "state": "passed",
                  "speed": "slow",
                  "pass": true,
                  "fail": false,
                  "pending": false,
                  "context": "\"videos/sample.cy.js.mp4\"",
                  "code": "// Handle uncaught exceptions to prevent test failures\ncy.on('uncaught:exception', (err) => {\n  expect(err.message);\n  return false;\n});\n// Visit the specified URL\ncy.visit('https://www.audi.ca/ca/web/en/promotions.html');\n// Click on the banner element\ncy.get(selectors.banner, { timeout: 5000 }).click({ force: true });\n// Scroll down the page to ensure the elements are in view\ncy.window().then((win) => {\n  win.scrollBy(0, 300);\n});\n// Wait for 5 seconds to ensure the page content is loaded\ncy.wait(5000);\n// Scroll into view and click on the first result\ncy.get(selectors.results).eq(0).scrollIntoView({ duration: 500 }).should('exist').click();",
                  "err": {},
                  "uuid": "583f9aaf-341d-4cd4-8b4e-9af05dacc38b",
                  "parentUUID": "0d100b29-de73-42b3-80fd-81389c777259",
                  "isHook": false,
                  "skipped": false
                }
              ],
              "suites": [],
              "passes": [
                "adba12e7-ce5e-4d74-b80d-a44527e4f274",
                "583f9aaf-341d-4cd4-8b4e-9af05dacc38b"
              ],
              "failures": [],
              "pending": [],
              "skipped": [],
              "duration": 40429,
              "root": false,
              "rootEmpty": false,
              "_timeout": 2000
            }
          ],
          "passes": [],
          "failures": [],
          "pending": [],
          "skipped": [],
          "duration": 0,
          "root": false,
          "rootEmpty": false,
          "_timeout": 2000
        }
      ],
      "passes": [],
      "failures": [],
      "pending": [],
      "skipped": [],
      "duration": 0,
      "root": true,
      "rootEmpty": true,
      "_timeout": 2000
    }
  ],
  "meta": {
    "mocha": {
      "version": "7.0.1"
    },
    "mochawesome": {
      "options": {
        "quiet": false,
        "reportFilename": "mochawesome",
        "saveHtml": true,
        "saveJson": true,
        "consoleReporter": "spec",
        "useInlineDiffs": false,
        "code": true
      },
      "version": "7.1.3"
    },
    "marge": {
      "options": {
        "overwrite": true,
        "html": true,
        "json": true,
        "reportDir": "tests/cypress/reports/json"
      },
      "version": "6.2.0"
    }
  }
}
